<?xml version="1.0" encoding="UTF-8"?>
<testsuite name="DollarCalculatorTest" tests="1" skipped="0" failures="0" errors="0" timestamp="2022-02-04T06:38:45" hostname="sh-server" time="0.187">
  <properties/>
  <testcase name="mockTest()" classname="DollarCalculatorTest" time="0.187"/>
  <system-out><![CDATA[60000
]]></system-out>
  <system-err><![CDATA[]]></system-err>
</testsuite>
